::1 - - [22/Jul/2023:07:14:57 +0000] "GET /user HTTP/1.1" 404 143 "-" "PostmanRuntime/7.32.3"
::1 - - [22/Jul/2023:07:17:15 +0000] "POST /user/register HTTP/1.1" 200 16 "-" "PostmanRuntime/7.32.3"
::1 - - [22/Jul/2023:07:20:27 +0000] "POST /user/register HTTP/1.1" 500 28 "-" "PostmanRuntime/7.32.3"
::1 - - [22/Jul/2023:07:22:21 +0000] "POST /user/register HTTP/1.1" 500 28 "-" "PostmanRuntime/7.32.3"
::1 - - [22/Jul/2023:07:22:52 +0000] "POST /user/register HTTP/1.1" 500 28 "-" "PostmanRuntime/7.32.3"
::1 - - [22/Jul/2023:07:23:59 +0000] "POST /user/register HTTP/1.1" 200 16 "-" "PostmanRuntime/7.32.3"
::1 - - [22/Jul/2023:07:24:41 +0000] "POST /user/register HTTP/1.1" 200 82 "-" "PostmanRuntime/7.32.3"
::1 - - [22/Jul/2023:07:35:51 +0000] "POST /user/register HTTP/1.1" 200 176 "-" "PostmanRuntime/7.32.3"
::1 - - [22/Jul/2023:07:38:44 +0000] "POST /user/register HTTP/1.1" 200 182 "-" "PostmanRuntime/7.32.3"
::1 - - [22/Jul/2023:07:39:17 +0000] "POST /user/register HTTP/1.1" 500 325 "-" "PostmanRuntime/7.32.3"
::1 - - [22/Jul/2023:07:39:23 +0000] "POST /user/register HTTP/1.1" 500 327 "-" "PostmanRuntime/7.32.3"
::1 - - [22/Jul/2023:07:45:47 +0000] "POST /user/register HTTP/1.1" 200 238 "-" "PostmanRuntime/7.32.3"
::1 - - [22/Jul/2023:08:15:18 +0000] "POST /user/register HTTP/1.1" 200 412 "-" "PostmanRuntime/7.32.3"
::1 - - [22/Jul/2023:08:23:19 +0000] "POST /user/login HTTP/1.1" 404 150 "-" "PostmanRuntime/7.32.3"
::1 - - [22/Jul/2023:09:14:42 +0000] "POST /user/login HTTP/1.1" 500 28 "-" "PostmanRuntime/7.32.3"
::1 - - [22/Jul/2023:09:17:37 +0000] "POST /user/login HTTP/1.1" 500 28 "-" "PostmanRuntime/7.32.3"
::1 - - [22/Jul/2023:09:18:56 +0000] "POST /user/login HTTP/1.1" 200 232 "-" "PostmanRuntime/7.32.3"
::1 - - [22/Jul/2023:09:19:32 +0000] "POST /user/login HTTP/1.1" 500 28 "-" "PostmanRuntime/7.32.3"
::1 - - [22/Jul/2023:09:20:21 +0000] "POST /user/login HTTP/1.1" 401 44 "-" "PostmanRuntime/7.32.3"
::1 - - [22/Jul/2023:09:20:35 +0000] "POST /user/login HTTP/1.1" 401 44 "-" "PostmanRuntime/7.32.3"
::1 - - [22/Jul/2023:09:20:40 +0000] "POST /user/login HTTP/1.1" 200 232 "-" "PostmanRuntime/7.32.3"
::1 - - [22/Jul/2023:09:42:37 +0000] "POST /user/login HTTP/1.1" 200 232 "-" "PostmanRuntime/7.32.3"
::1 - - [22/Jul/2023:09:44:59 +0000] "POST /user/login HTTP/1.1" 200 414 "-" "PostmanRuntime/7.32.3"
::1 - - [22/Jul/2023:10:27:24 +0000] "POST /post HTTP/1.1" 404 144 "-" "PostmanRuntime/7.32.3"
::1 - - [22/Jul/2023:10:28:46 +0000] "POST /post HTTP/1.1" 404 144 "-" "PostmanRuntime/7.32.3"
::1 - - [22/Jul/2023:10:29:13 +0000] "POST /post HTTP/1.1" 404 144 "-" "PostmanRuntime/7.32.3"
::1 - - [22/Jul/2023:10:30:54 +0000] "POST /post HTTP/1.1" 404 144 "-" "PostmanRuntime/7.32.3"
::1 - - [22/Jul/2023:10:31:23 +0000] "POST /post HTTP/1.1" 404 144 "-" "PostmanRuntime/7.32.3"
::1 - - [22/Jul/2023:10:33:13 +0000] "POST /post HTTP/1.1" 404 144 "-" "PostmanRuntime/7.32.3"
::1 - - [22/Jul/2023:10:35:54 +0000] "POST /post HTTP/1.1" 404 144 "-" "PostmanRuntime/7.32.3"
::1 - - [22/Jul/2023:10:37:40 +0000] "POST /post HTTP/1.1" 404 144 "-" "PostmanRuntime/7.32.3"
::1 - - [22/Jul/2023:10:38:20 +0000] "POST /post HTTP/1.1" 200 218 "-" "PostmanRuntime/7.32.3"
::1 - - [22/Jul/2023:10:39:49 +0000] "POST /post HTTP/1.1" 200 243 "-" "PostmanRuntime/7.32.3"
::1 - - [23/Jul/2023:04:24:22 +0000] "POST /post HTTP/1.1" 200 272 "-" "PostmanRuntime/7.32.3"
::1 - - [23/Jul/2023:04:24:47 +0000] "GET /post HTTP/1.1" 500 28 "-" "PostmanRuntime/7.32.3"
::1 - - [23/Jul/2023:04:25:29 +0000] "GET /post HTTP/1.1" 500 41 "-" "PostmanRuntime/7.32.3"
::1 - - [23/Jul/2023:04:27:20 +0000] "GET /post HTTP/1.1" 500 41 "-" "PostmanRuntime/7.32.3"
::1 - - [23/Jul/2023:04:33:01 +0000] "GET /post HTTP/1.1" 500 41 "-" "PostmanRuntime/7.32.3"
::1 - - [23/Jul/2023:05:24:28 +0000] "GET /post HTTP/1.1" 200 517 "-" "PostmanRuntime/7.32.3"
::1 - - [23/Jul/2023:05:28:42 +0000] "GET /post HTTP/1.1" 500 41 "-" "PostmanRuntime/7.32.3"
::1 - - [23/Jul/2023:05:28:58 +0000] "GET /post HTTP/1.1" 500 41 "-" "PostmanRuntime/7.32.3"
::1 - - [23/Jul/2023:05:29:44 +0000] "GET /post HTTP/1.1" 500 41 "-" "PostmanRuntime/7.32.3"
::1 - - [23/Jul/2023:05:30:10 +0000] "GET /post HTTP/1.1" 500 41 "-" "PostmanRuntime/7.32.3"
::1 - - [23/Jul/2023:05:30:32 +0000] "GET /post HTTP/1.1" 500 41 "-" "PostmanRuntime/7.32.3"
::1 - - [23/Jul/2023:05:31:45 +0000] "GET /post HTTP/1.1" 500 41 "-" "PostmanRuntime/7.32.3"
::1 - - [23/Jul/2023:06:01:37 +0000] "POST /category HTTP/1.1" 500 280 "-" "PostmanRuntime/7.32.3"
::1 - - [23/Jul/2023:06:04:10 +0000] "POST /category HTTP/1.1" 500 280 "-" "PostmanRuntime/7.32.3"
::1 - - [23/Jul/2023:06:04:27 +0000] "POST /category HTTP/1.1" 200 109 "-" "PostmanRuntime/7.32.3"
::1 - - [23/Jul/2023:06:05:28 +0000] "GET /category HTTP/1.1" 200 111 "-" "PostmanRuntime/7.32.3"
::1 - - [23/Jul/2023:06:06:03 +0000] "GET /category/64bcc2eaf1cda4cab13335c1 HTTP/1.1" 500 42 "-" "PostmanRuntime/7.32.3"
::1 - - [23/Jul/2023:06:06:30 +0000] "GET /category/64bcc2eaf1cda4cab13335c1 HTTP/1.1" 500 42 "-" "PostmanRuntime/7.32.3"
::1 - - [23/Jul/2023:06:06:55 +0000] "GET /category/64bcc2eaf1cda4cab13335c1 HTTP/1.1" 200 109 "-" "PostmanRuntime/7.32.3"
::1 - - [23/Jul/2023:06:07:28 +0000] "PUT /category/64bcc2eaf1cda4cab13335c1 HTTP/1.1" 200 106 "-" "PostmanRuntime/7.32.3"
::1 - - [23/Jul/2023:06:07:55 +0000] "DELETE /category/64bcc2eaf1cda4cab13335c1 HTTP/1.1" 200 106 "-" "PostmanRuntime/7.32.3"
::1 - - [23/Jul/2023:06:08:01 +0000] "POST /category HTTP/1.1" 200 109 "-" "PostmanRuntime/7.32.3"
::1 - - [23/Jul/2023:06:41:40 +0000] "GET /category HTTP/1.1" 200 194 "-" "PostmanRuntime/7.32.3"
::1 - - [23/Jul/2023:06:41:57 +0000] "POST /organisation HTTP/1.1" 404 152 "-" "PostmanRuntime/7.32.3"
::1 - - [23/Jul/2023:06:44:42 +0000] "POST /organisation HTTP/1.1" 404 152 "-" "PostmanRuntime/7.32.3"
::1 - - [23/Jul/2023:06:45:27 +0000] "POST /organisation HTTP/1.1" 404 152 "-" "PostmanRuntime/7.32.3"
::1 - - [23/Jul/2023:06:45:28 +0000] "POST /organisation HTTP/1.1" 404 152 "-" "PostmanRuntime/7.32.3"
::1 - - [23/Jul/2023:06:45:35 +0000] "POST /organisation HTTP/1.1" 404 152 "-" "PostmanRuntime/7.32.3"
::1 - - [23/Jul/2023:06:45:45 +0000] "POST /organisation HTTP/1.1" 404 152 "-" "PostmanRuntime/7.32.3"
::1 - - [23/Jul/2023:06:46:39 +0000] "POST /organisation HTTP/1.1" 404 152 "-" "PostmanRuntime/7.32.3"
::1 - - [23/Jul/2023:06:53:19 +0000] "POST /organisation HTTP/1.1" 404 152 "-" "PostmanRuntime/7.32.3"
::1 - - [23/Jul/2023:06:53:45 +0000] "GET /organisation HTTP/1.1" 404 151 "-" "PostmanRuntime/7.32.3"
::1 - - [23/Jul/2023:06:58:31 +0000] "POST /organisation HTTP/1.1" 404 152 "-" "PostmanRuntime/7.32.3"
::1 - - [23/Jul/2023:07:02:09 +0000] "POST /organisation HTTP/1.1" 404 152 "-" "PostmanRuntime/7.32.3"
::1 - - [23/Jul/2023:07:13:49 +0000] "POST /organisation HTTP/1.1" 404 152 "-" "PostmanRuntime/7.32.3"
::1 - - [23/Jul/2023:07:14:54 +0000] "POST /organisation HTTP/1.1" 200 296 "-" "PostmanRuntime/7.32.3"
::1 - - [23/Jul/2023:07:15:05 +0000] "GET /organisation HTTP/1.1" 200 357 "-" "PostmanRuntime/7.32.3"
::1 - - [23/Jul/2023:07:16:15 +0000] "PUT /organisation/64bcd36e89d9599ab94fbb11 HTTP/1.1" 200 296 "-" "PostmanRuntime/7.32.3"
::1 - - [23/Jul/2023:07:17:09 +0000] "DELETE /organisation/64bcd36e89d9599ab94fbb11 HTTP/1.1" 200 296 "-" "PostmanRuntime/7.32.3"
::1 - - [23/Jul/2023:07:17:15 +0000] "GET /organisation HTTP/1.1" 200 26 "-" "PostmanRuntime/7.32.3"
::1 - - [23/Jul/2023:07:17:17 +0000] "POST /organisation HTTP/1.1" 200 296 "-" "PostmanRuntime/7.32.3"
::1 - - [23/Jul/2023:07:17:20 +0000] "GET /organisation HTTP/1.1" 200 357 "-" "PostmanRuntime/7.32.3"
::1 - - [23/Jul/2023:07:18:33 +0000] "GET /category HTTP/1.1" 200 194 "-" "PostmanRuntime/7.32.3"
::1 - - [23/Jul/2023:07:21:01 +0000] "GET /category HTTP/1.1" 500 40 "-" "PostmanRuntime/7.32.3"
::1 - - [23/Jul/2023:07:24:23 +0000] "GET /category HTTP/1.1" 200 194 "-" "PostmanRuntime/7.32.3"
::1 - - [23/Jul/2023:07:29:03 +0000] "GET /category/64bcc2eaf1cda4cab13335c1 HTTP/1.1" 200 138 "-" "PostmanRuntime/7.32.3"
::1 - - [23/Jul/2023:07:29:16 +0000] "GET /category/64bcc2eaf1cda4cab13335c1 HTTP/1.1" 200 138 "-" "PostmanRuntime/7.32.3"
::1 - - [23/Jul/2023:07:30:14 +0000] "GET /category/64bcc2eaf1cda4cab13335c1 HTTP/1.1" 200 148 "-" "PostmanRuntime/7.32.3"
::1 - - [23/Jul/2023:07:30:32 +0000] "GET /category HTTP/1.1" 200 258 "-" "PostmanRuntime/7.32.3"
::1 - - [23/Jul/2023:07:30:43 +0000] "GET /category/64bcc3c19825e77fffffa394 HTTP/1.1" 200 423 "-" "PostmanRuntime/7.32.3"
::1 - - [23/Jul/2023:07:45:06 +0000] "POST /category HTTP/1.1" 200 141 "-" "PostmanRuntime/7.32.3"
::1 - - [23/Jul/2023:07:45:25 +0000] "DELETE /category/64bcda82e3300bc187257e64 HTTP/1.1" 500 28 "-" "PostmanRuntime/7.32.3"
::1 - - [23/Jul/2023:07:45:48 +0000] "DELETE /category/64bcda82e3300bc187257e64 HTTP/1.1" 200 141 "-" "PostmanRuntime/7.32.3"
::1 - - [23/Jul/2023:07:45:56 +0000] "GET /category HTTP/1.1" 200 258 "-" "PostmanRuntime/7.32.3"
::1 - - [23/Jul/2023:07:46:05 +0000] "GET /category/64bcc3c19825e77fffffa394 HTTP/1.1" 200 423 "-" "PostmanRuntime/7.32.3"
::1 - - [23/Jul/2023:07:46:53 +0000] "DELETE /category/64bcc3c19825e77fffffa394 HTTP/1.1" 200 141 "-" "PostmanRuntime/7.32.3"
::1 - - [23/Jul/2023:07:47:24 +0000] "GET /organisation HTTP/1.1" 200 276 "-" "PostmanRuntime/7.32.3"
::1 - - [23/Jul/2023:08:14:03 +0000] "GET /organisation HTTP/1.1" 200 276 "-" "PostmanRuntime/7.32.3"
::1 - - [23/Jul/2023:08:17:08 +0000] "PUT /organisation/64bcd3fd89d9599ab94fbb18/photo HTTP/1.1" 200 - "-" "PostmanRuntime/7.32.3"
::1 - - [23/Jul/2023:08:28:08 +0000] "PUT /organisation/64bcd3fd89d9599ab94fbb18/photo HTTP/1.1" 400 44 "-" "PostmanRuntime/7.32.3"
::1 - - [23/Jul/2023:08:28:58 +0000] "PUT /organisation/64bcd3fd89d9599ab94fbb18/photo HTTP/1.1" 400 44 "-" "PostmanRuntime/7.32.3"
::1 - - [23/Jul/2023:08:29:35 +0000] "PUT /organisation/64bcd3fd89d9599ab94fbb18/photo HTTP/1.1" 400 44 "-" "PostmanRuntime/7.32.3"
::1 - - [23/Jul/2023:08:29:36 +0000] "PUT /organisation/64bcd3fd89d9599ab94fbb18/photo HTTP/1.1" 400 44 "-" "PostmanRuntime/7.32.3"
::1 - - [23/Jul/2023:08:29:54 +0000] "PUT /organisation/64bcd3fd89d9599ab94fbb18/photo HTTP/1.1" 200 - "-" "PostmanRuntime/7.32.3"
::1 - - [23/Jul/2023:08:35:35 +0000] "PUT /organisation/64bcd3fd89d9599ab94fbb18/photo HTTP/1.1" 200 - "-" "PostmanRuntime/7.32.3"
::1 - - [23/Jul/2023:08:36:42 +0000] "PUT /organisation/64bcd3fd89d9599ab94fbb18/photo HTTP/1.1" 200 - "-" "PostmanRuntime/7.32.3"
::1 - - [23/Jul/2023:08:37:12 +0000] "PUT /organisation/64bcd3fd89d9599ab94fbb18/photo HTTP/1.1" 200 - "-" "PostmanRuntime/7.32.3"
::1 - - [23/Jul/2023:08:39:53 +0000] "PUT /organisation/64bcd3fd89d9599ab94fbb18/photo HTTP/1.1" 200 - "-" "PostmanRuntime/7.32.3"
::1 - - [23/Jul/2023:08:44:17 +0000] "PUT /organisation/64bcd3fd89d9599ab94fbb18/photo HTTP/1.1" 200 60 "-" "PostmanRuntime/7.32.3"
::1 - - [23/Jul/2023:08:47:47 +0000] "GET /organisation HTTP/1.1" 200 276 "-" "PostmanRuntime/7.32.3"
::1 - - [23/Jul/2023:08:48:16 +0000] "PUT /organisation/64bcd3fd89d9599ab94fbb18 HTTP/1.1" 200 296 "-" "PostmanRuntime/7.32.3"
::1 - - [23/Jul/2023:08:48:24 +0000] "PUT /organisation/64bcd3fd89d9599ab94fbb18 HTTP/1.1" 200 296 "-" "PostmanRuntime/7.32.3"
::1 - - [23/Jul/2023:08:50:00 +0000] "GET /organisation HTTP/1.1" 200 276 "-" "PostmanRuntime/7.32.3"
::1 - - [23/Jul/2023:08:50:05 +0000] "PUT /organisation/64bcd3fd89d9599ab94fbb18/photo HTTP/1.1" 200 60 "-" "PostmanRuntime/7.32.3"
::1 - - [23/Jul/2023:08:50:09 +0000] "GET /organisation HTTP/1.1" 200 298 "-" "PostmanRuntime/7.32.3"
::1 - - [23/Jul/2023:08:52:54 +0000] "POST /user/register HTTP/1.1" 200 414 "-" "PostmanRuntime/7.32.3"
::1 - - [23/Jul/2023:08:53:05 +0000] "POST /user/login HTTP/1.1" 200 414 "-" "PostmanRuntime/7.32.3"
::1 - - [23/Jul/2023:08:56:08 +0000] "POST /user/login HTTP/1.1" 200 420 "-" "PostmanRuntime/7.32.3"
::1 - - [23/Jul/2023:08:57:41 +0000] "PUT /organisation/64bcd36e89d9599ab94fbb11 HTTP/1.1" 400 44 "-" "PostmanRuntime/7.32.3"
::1 - - [23/Jul/2023:08:58:39 +0000] "PUT /organisation/64bcd36e89d9599ab94fbb11 HTTP/1.1" 400 44 "-" "PostmanRuntime/7.32.3"
::1 - - [23/Jul/2023:08:59:12 +0000] "GET /organisation HTTP/1.1" 200 298 "-" "PostmanRuntime/7.32.3"
::1 - - [23/Jul/2023:08:59:28 +0000] "PUT /organisation/64bcd3fd89d9599ab94fbb18 HTTP/1.1" 200 299 "-" "PostmanRuntime/7.32.3"
::1 - - [23/Jul/2023:09:57:08 +0000] "POST /organisation HTTP/1.1" 401 44 "-" "PostmanRuntime/7.32.3"
::1 - - [23/Jul/2023:09:58:01 +0000] "POST /organisation HTTP/1.1" - - "-" "PostmanRuntime/7.32.3"
::1 - - [23/Jul/2023:09:58:35 +0000] "POST /user/login HTTP/1.1" 200 420 "-" "PostmanRuntime/7.32.3"
::1 - - [23/Jul/2023:09:58:49 +0000] "POST /organisation HTTP/1.1" - - "-" "PostmanRuntime/7.32.3"
::1 - - [23/Jul/2023:10:01:40 +0000] "PUT /organisation/64bcd3fd89d9599ab94fbb18 HTTP/1.1" - - "-" "PostmanRuntime/7.32.3"
::1 - - [23/Jul/2023:10:01:51 +0000] "PUT /organisation/64bcd3fd89d9599ab94fbb18 HTTP/1.1" - - "-" "PostmanRuntime/7.32.3"
::1 - - [23/Jul/2023:10:03:32 +0000] "PUT /organisation/64bcd3fd89d9599ab94fbb18 HTTP/1.1" 200 302 "-" "PostmanRuntime/7.32.3"
::1 - - [23/Jul/2023:10:03:43 +0000] "PUT /organisation/64bcd3fd89d9599ab94fbb18 HTTP/1.1" 200 302 "-" "PostmanRuntime/7.32.3"
::1 - - [23/Jul/2023:10:03:50 +0000] "PUT /organisation/64bcd3fd89d9599ab94fbb18 HTTP/1.1" 500 84 "-" "PostmanRuntime/7.32.3"
::1 - - [23/Jul/2023:10:03:55 +0000] "PUT /organisation/64bcd3fd89d9599ab94fbb18 HTTP/1.1" 200 302 "-" "PostmanRuntime/7.32.3"
::1 - - [23/Jul/2023:10:04:00 +0000] "POST /organisation HTTP/1.1" 200 267 "-" "PostmanRuntime/7.32.3"
::1 - - [23/Jul/2023:10:04:07 +0000] "GET /organisation HTTP/1.1" 200 614 "-" "PostmanRuntime/7.32.3"
::1 - - [23/Jul/2023:10:04:28 +0000] "POST /user/login HTTP/1.1" 200 414 "-" "PostmanRuntime/7.32.3"
::1 - - [23/Jul/2023:10:04:45 +0000] "PUT /organisation/64bcd3fd89d9599ab94fbb18 HTTP/1.1" 200 299 "-" "PostmanRuntime/7.32.3"
::1 - - [23/Jul/2023:10:04:57 +0000] "PUT /organisation/64bcd3fd89d9599ab94fbb18 HTTP/1.1" 200 299 "-" "PostmanRuntime/7.32.3"
::1 - - [23/Jul/2023:10:09:06 +0000] "POST /user/login HTTP/1.1" 200 420 "-" "PostmanRuntime/7.32.3"
::1 - - [23/Jul/2023:10:10:22 +0000] "POST /user/login HTTP/1.1" 200 420 "-" "PostmanRuntime/7.32.3"
::1 - - [23/Jul/2023:10:10:35 +0000] "POST /user/login HTTP/1.1" 200 420 "-" "PostmanRuntime/7.32.3"
::1 - - [23/Jul/2023:10:11:20 +0000] "POST /user/register HTTP/1.1" 500 219 "-" "PostmanRuntime/7.32.3"
::1 - - [23/Jul/2023:10:11:37 +0000] "POST /user/register HTTP/1.1" 200 416 "-" "PostmanRuntime/7.32.3"
::1 - - [23/Jul/2023:10:14:05 +0000] "PUT /organisation/64bcd3fd89d9599ab94fbb18 HTTP/1.1" 200 301 "-" "PostmanRuntime/7.32.3"
::1 - - [23/Jul/2023:10:14:22 +0000] "GET /organisation HTTP/1.1" 200 613 "-" "PostmanRuntime/7.32.3"
::1 - - [23/Jul/2023:10:39:23 +0000] "POST /user/register HTTP/1.1" 200 416 "-" "PostmanRuntime/7.32.3"
::1 - - [23/Jul/2023:10:39:51 +0000] "PUT /organisation/64bcd3fd89d9599ab94fbb18 HTTP/1.1" 200 317 "-" "PostmanRuntime/7.32.3"
::1 - - [23/Jul/2023:10:49:45 +0000] "GET /organisation HTTP/1.1" 200 614 "-" "PostmanRuntime/7.32.3"
::1 - - [23/Jul/2023:10:50:02 +0000] "DELETE /organisation/64bcd3fd89d9599ab94fbb18 HTTP/1.1" 200 302 "-" "PostmanRuntime/7.32.3"
::1 - - [23/Jul/2023:10:51:13 +0000] "GET /category HTTP/1.1" 200 140 "-" "PostmanRuntime/7.32.3"
::1 - - [23/Jul/2023:10:53:56 +0000] "POST /organisation HTTP/1.1" 200 262 "-" "PostmanRuntime/7.32.3"
::1 - - [23/Jul/2023:10:54:17 +0000] "DELETE /organisation/64bd06c456bf2dbb3942375d HTTP/1.1" 200 304 "-" "PostmanRuntime/7.32.3"
::1 - - [23/Jul/2023:10:56:56 +0000] "POST /organisation HTTP/1.1" 200 262 "-" "PostmanRuntime/7.32.3"
::1 - - [23/Jul/2023:10:57:08 +0000] "DELETE /organisation/64bd0778df0e813008a90fca HTTP/1.1" 500 28 "-" "PostmanRuntime/7.32.3"
::1 - - [23/Jul/2023:10:57:14 +0000] "GET /organisation HTTP/1.1" 200 357 "-" "PostmanRuntime/7.32.3"
::1 - - [23/Jul/2023:10:57:21 +0000] "POST /organisation HTTP/1.1" 200 262 "-" "PostmanRuntime/7.32.3"
::1 - - [23/Jul/2023:10:57:24 +0000] "GET /organisation HTTP/1.1" 200 684 "-" "PostmanRuntime/7.32.3"
::1 - - [23/Jul/2023:10:57:47 +0000] "DELETE /organisation/64bd0790df0e813008a90fcf HTTP/1.1" 500 28 "-" "PostmanRuntime/7.32.3"
::1 - - [23/Jul/2023:10:58:17 +0000] "DELETE /organisation/64bd0790df0e813008a90fcf HTTP/1.1" 400 44 "-" "PostmanRuntime/7.32.3"
::1 - - [23/Jul/2023:10:58:52 +0000] "DELETE /organisation/64bd0790df0e813008a90fcf HTTP/1.1" 400 44 "-" "PostmanRuntime/7.32.3"
::1 - - [23/Jul/2023:10:59:13 +0000] "DELETE /organisation/64bd0790df0e813008a90fcf HTTP/1.1" 400 44 "-" "PostmanRuntime/7.32.3"
::1 - - [23/Jul/2023:10:59:45 +0000] "GET /organisation HTTP/1.1" 200 357 "-" "PostmanRuntime/7.32.3"
::1 - - [23/Jul/2023:10:59:49 +0000] "POST /organisation HTTP/1.1" 200 262 "-" "PostmanRuntime/7.32.3"
::1 - - [23/Jul/2023:10:59:52 +0000] "GET /organisation HTTP/1.1" 200 684 "-" "PostmanRuntime/7.32.3"
::1 - - [23/Jul/2023:11:00:06 +0000] "DELETE /organisation/64bd0824f5f5a152d2414373 HTTP/1.1" 500 28 "-" "PostmanRuntime/7.32.3"
::1 - - [23/Jul/2023:11:00:34 +0000] "DELETE /organisation/64bd0824f5f5a152d2414373 HTTP/1.1" 400 44 "-" "PostmanRuntime/7.32.3"
::1 - - [23/Jul/2023:11:00:38 +0000] "GET /organisation HTTP/1.1" 200 357 "-" "PostmanRuntime/7.32.3"
::1 - - [23/Jul/2023:11:00:41 +0000] "POST /organisation HTTP/1.1" 200 262 "-" "PostmanRuntime/7.32.3"
::1 - - [23/Jul/2023:11:00:43 +0000] "GET /organisation HTTP/1.1" 200 684 "-" "PostmanRuntime/7.32.3"
::1 - - [23/Jul/2023:11:00:55 +0000] "DELETE /organisation/64bd085935bf6ae449036562 HTTP/1.1" 200 283 "-" "PostmanRuntime/7.32.3"
::1 - - [24/Jul/2023:02:54:56 +0000] "GET /organisation HTTP/1.1" 500 44 "-" "PostmanRuntime/7.32.3"
::1 - - [24/Jul/2023:02:55:03 +0000] "GET /organisation HTTP/1.1" 500 44 "-" "PostmanRuntime/7.32.3"
::1 - - [24/Jul/2023:02:55:09 +0000] "POST /organisation HTTP/1.1" 200 262 "-" "PostmanRuntime/7.32.3"
::1 - - [24/Jul/2023:02:55:17 +0000] "GET /organisation HTTP/1.1" 500 44 "-" "PostmanRuntime/7.32.3"
::1 - - [24/Jul/2023:02:58:02 +0000] "GET /organisation HTTP/1.1" 200 684 "-" "PostmanRuntime/7.32.3"
::1 - - [24/Jul/2023:02:58:30 +0000] "POST /exhibit HTTP/1.1" 500 451 "-" "PostmanRuntime/7.32.3"
::1 - - [24/Jul/2023:03:01:00 +0000] "POST /exhibit HTTP/1.1" 500 471 "-" "PostmanRuntime/7.32.3"
::1 - - [24/Jul/2023:03:01:14 +0000] "POST /exhibit HTTP/1.1" 200 312 "-" "PostmanRuntime/7.32.3"
::1 - - [24/Jul/2023:03:02:29 +0000] "POST /exhibit HTTP/1.1" 500 217 "-" "PostmanRuntime/7.32.3"
::1 - - [24/Jul/2023:03:03:04 +0000] "POST /exhibit HTTP/1.1" 500 217 "-" "PostmanRuntime/7.32.3"
::1 - - [24/Jul/2023:03:03:20 +0000] "POST /exhibit HTTP/1.1" 500 217 "-" "PostmanRuntime/7.32.3"
::1 - - [24/Jul/2023:03:03:51 +0000] "POST /exhibit HTTP/1.1" 500 217 "-" "PostmanRuntime/7.32.3"
::1 - - [24/Jul/2023:03:03:58 +0000] "POST /exhibit HTTP/1.1" 200 295 "-" "PostmanRuntime/7.32.3"
::1 - - [24/Jul/2023:03:05:03 +0000] "GET /category/64bcc3c19825e77fffffa394 HTTP/1.1" 400 44 "-" "PostmanRuntime/7.32.3"
::1 - - [24/Jul/2023:03:05:06 +0000] "GET /category HTTP/1.1" 200 140 "-" "PostmanRuntime/7.32.3"
::1 - - [24/Jul/2023:03:05:28 +0000] "GET /category/64bcc2eaf1cda4cab13335c1 HTTP/1.1" 200 630 "-" "PostmanRuntime/7.32.3"
::1 - - [24/Jul/2023:03:06:00 +0000] "GET /organisation/64bcd3fd89d9599ab94fbb18/photo HTTP/1.1" 404 182 "-" "PostmanRuntime/7.32.3"
::1 - - [24/Jul/2023:03:06:09 +0000] "GET /organisation/64bcd3fd89d9599ab94fbb18 HTTP/1.1" 400 44 "-" "PostmanRuntime/7.32.3"
::1 - - [24/Jul/2023:03:06:22 +0000] "GET /organisation/64bcfb10c95359c9d75047a1 HTTP/1.1" 200 355 "-" "PostmanRuntime/7.32.3"
::1 - - [24/Jul/2023:03:07:41 +0000] "GET /organisation/64bcfb10c95359c9d75047a1 HTTP/1.1" 200 267 "-" "PostmanRuntime/7.32.3"
::1 - - [24/Jul/2023:03:08:10 +0000] "GET /organisation/64bcfb10c95359c9d75047a1 HTTP/1.1" 500 44 "-" "PostmanRuntime/7.32.3"
::1 - - [24/Jul/2023:03:09:18 +0000] "GET /exhibit HTTP/1.1" 200 1020 "-" "PostmanRuntime/7.32.3"
::1 - - [24/Jul/2023:03:10:54 +0000] "GET /exhibit/64bde975fc90f75bf4984c16 HTTP/1.1" 200 529 "-" "PostmanRuntime/7.32.3"
::1 - - [24/Jul/2023:03:11:53 +0000] "PUT /exhibit/64bde975fc90f75bf4984c16 HTTP/1.1" 401 44 "-" "PostmanRuntime/7.32.3"
::1 - - [24/Jul/2023:03:12:02 +0000] "PUT /exhibit/64bde975fc90f75bf4984c16 HTTP/1.1" 401 44 "-" "PostmanRuntime/7.32.3"
::1 - - [24/Jul/2023:03:12:17 +0000] "PUT /exhibit/64bde975fc90f75bf4984c16 HTTP/1.1" 401 44 "-" "PostmanRuntime/7.32.3"
::1 - - [24/Jul/2023:03:12:59 +0000] "PUT /exhibit/64bde975fc90f75bf4984c16 HTTP/1.1" 500 458 "-" "PostmanRuntime/7.32.3"
::1 - - [24/Jul/2023:03:13:36 +0000] "PUT /exhibit/64bde975fc90f75bf4984c16 HTTP/1.1" 500 460 "-" "PostmanRuntime/7.32.3"
::1 - - [24/Jul/2023:03:13:46 +0000] "PUT /exhibit/64bde975fc90f75bf4984c16 HTTP/1.1" 500 460 "-" "PostmanRuntime/7.32.3"
::1 - - [24/Jul/2023:03:16:11 +0000] "PUT /exhibit/64bde975fc90f75bf4984c16 HTTP/1.1" 500 460 "-" "PostmanRuntime/7.32.3"
::1 - - [24/Jul/2023:03:18:32 +0000] "POST /exhibit HTTP/1.1" 200 295 "-" "PostmanRuntime/7.32.3"
::1 - - [24/Jul/2023:03:18:43 +0000] "PUT /exhibit/64bde975fc90f75bf4984c16 HTTP/1.1" 400 44 "-" "PostmanRuntime/7.32.3"
::1 - - [24/Jul/2023:03:19:07 +0000] "GET /exhibit/64bded8706c1dd25e961639e HTTP/1.1" 200 512 "-" "PostmanRuntime/7.32.3"
::1 - - [24/Jul/2023:03:20:32 +0000] "PUT /exhibit/64bded8706c1dd25e961639e HTTP/1.1" 200 300 "-" "PostmanRuntime/7.32.3"
::1 - - [24/Jul/2023:03:25:32 +0000] "GET /organisation/64bcfb10c95359c9d75047a1 HTTP/1.1" 200 267 "-" "PostmanRuntime/7.32.3"
::1 - - [24/Jul/2023:03:27:01 +0000] "GET /organisation/64bcfb10c95359c9d75047a1 HTTP/1.1" 200 267 "-" "PostmanRuntime/7.32.3"
::1 - - [24/Jul/2023:03:27:08 +0000] "GET /organisation HTTP/1.1" 200 508 "-" "PostmanRuntime/7.32.3"
::1 - - [24/Jul/2023:03:27:47 +0000] "POST /exhibit HTTP/1.1" 200 263 "-" "PostmanRuntime/7.32.3"
::1 - - [24/Jul/2023:03:30:14 +0000] "GET /organisation HTTP/1.1" 200 508 "-" "PostmanRuntime/7.32.3"
::1 - - [24/Jul/2023:03:30:21 +0000] "GET /organisation/64bcfb10c95359c9d75047a1 HTTP/1.1" 200 267 "-" "PostmanRuntime/7.32.3"
::1 - - [24/Jul/2023:03:30:23 +0000] "GET /organisation/64bcfb10c95359c9d75047a1 HTTP/1.1" 200 267 "-" "PostmanRuntime/7.32.3"
::1 - - [24/Jul/2023:03:30:39 +0000] "GET /category/64bcc2eaf1cda4cab13335c1 HTTP/1.1" 200 630 "-" "PostmanRuntime/7.32.3"
::1 - - [24/Jul/2023:03:31:33 +0000] "GET /organisation HTTP/1.1" 500 45 "-" "PostmanRuntime/7.32.3"
::1 - - [24/Jul/2023:03:34:06 +0000] "GET /organisation HTTP/1.1" 200 508 "-" "PostmanRuntime/7.32.3"
::1 - - [24/Jul/2023:03:35:13 +0000] "POST /organisation HTTP/1.1" 200 218 "-" "PostmanRuntime/7.32.3"
::1 - - [24/Jul/2023:03:35:34 +0000] "POST /exhibit HTTP/1.1" 500 224 "-" "PostmanRuntime/7.32.3"
::1 - - [24/Jul/2023:03:35:44 +0000] "POST /exhibit HTTP/1.1" 200 278 "-" "PostmanRuntime/7.32.3"
::1 - - [24/Jul/2023:03:35:56 +0000] "GET /organisation HTTP/1.1" 200 703 "-" "PostmanRuntime/7.32.3"
::1 - - [24/Jul/2023:03:36:18 +0000] "GET /organisation/64bdf171235a4b342ecbd3b7 HTTP/1.1" 200 218 "-" "PostmanRuntime/7.32.3"
::1 - - [24/Jul/2023:03:40:49 +0000] "GET /organisation/64bdf171235a4b342ecbd3b7 HTTP/1.1" 200 250 "-" "PostmanRuntime/7.32.3"
::1 - - [24/Jul/2023:03:41:53 +0000] "GET /organisation/64bdf171235a4b342ecbd3b7 HTTP/1.1" 200 517 "-" "PostmanRuntime/7.32.3"
::1 - - [26/Jul/2023:06:31:05 +0000] "POST /user/login HTTP/1.1" 200 420 "-" "PostmanRuntime/7.32.3"
::1 - - [26/Jul/2023:06:31:25 +0000] "POST /category HTTP/1.1" 200 141 "-" "PostmanRuntime/7.32.3"
::1 - - [26/Jul/2023:06:31:29 +0000] "GET /category HTTP/1.1" 200 258 "-" "PostmanRuntime/7.32.3"
::1 - - [26/Jul/2023:06:31:49 +0000] "GET /category/64c0bdbdfe5b8f36ff8aa04d HTTP/1.1" 200 151 "-" "PostmanRuntime/7.32.3"
::1 - - [26/Jul/2023:06:32:29 +0000] "POST /organisation HTTP/1.1" 200 284 "-" "PostmanRuntime/7.32.3"
::1 - - [26/Jul/2023:06:32:33 +0000] "GET /category/64c0bdbdfe5b8f36ff8aa04d HTTP/1.1" 200 151 "-" "PostmanRuntime/7.32.3"
::1 - - [26/Jul/2023:06:32:36 +0000] "GET /category/64c0bdbdfe5b8f36ff8aa04d HTTP/1.1" 200 151 "-" "PostmanRuntime/7.32.3"
::1 - - [26/Jul/2023:06:32:41 +0000] "GET /category/64c0bdbdfe5b8f36ff8aa04d HTTP/1.1" 200 151 "-" "PostmanRuntime/7.32.3"
::1 - - [26/Jul/2023:06:32:51 +0000] "GET /organisation HTTP/1.1" 200 1850 "-" "PostmanRuntime/7.32.3"
::1 - - [26/Jul/2023:06:33:29 +0000] "GET /organisation/64c0bdfcfe5b8f36ff8aa052 HTTP/1.1" 200 297 "-" "PostmanRuntime/7.32.3"
::1 - - [26/Jul/2023:06:33:49 +0000] "GET /category/64c0bdbdfe5b8f36ff8aa04d HTTP/1.1" 200 151 "-" "PostmanRuntime/7.32.3"
::1 - - [26/Jul/2023:06:34:04 +0000] "POST /organisation HTTP/1.1" 500 239 "-" "PostmanRuntime/7.32.3"
::1 - - [26/Jul/2023:06:34:19 +0000] "GET /organisation HTTP/1.1" 200 1850 "-" "PostmanRuntime/7.32.3"
::1 - - [26/Jul/2023:06:34:41 +0000] "GET /category/64bcc2eaf1cda4cab13335c1 HTTP/1.1" 200 694 "-" "PostmanRuntime/7.32.3"
::1 - - [26/Jul/2023:06:35:19 +0000] "GET /organisation/64c0bdfcfe5b8f36ff8aa052 HTTP/1.1" 200 297 "-" "PostmanRuntime/7.32.3"
::1 - - [26/Jul/2023:06:35:36 +0000] "GET /category HTTP/1.1" 200 258 "-" "PostmanRuntime/7.32.3"
::1 - - [26/Jul/2023:06:36:07 +0000] "POST /organisation HTTP/1.1" 200 273 "-" "PostmanRuntime/7.32.3"
::1 - - [26/Jul/2023:06:36:24 +0000] "GET /category/64c0bdbdfe5b8f36ff8aa04d HTTP/1.1" 200 151 "-" "PostmanRuntime/7.32.3"
::1 - - [26/Jul/2023:06:36:47 +0000] "GET /organisation/64c0bdfcfe5b8f36ff8aa052 HTTP/1.1" 200 297 "-" "PostmanRuntime/7.32.3"
::1 - - [26/Jul/2023:06:37:39 +0000] "POST /exhibit HTTP/1.1" 500 226 "-" "PostmanRuntime/7.32.3"
::1 - - [26/Jul/2023:06:37:58 +0000] "POST /exhibit HTTP/1.1" 200 271 "-" "PostmanRuntime/7.32.3"
::1 - - [26/Jul/2023:06:38:06 +0000] "GET /organisation/64c0bdfcfe5b8f36ff8aa052 HTTP/1.1" 200 544 "-" "PostmanRuntime/7.32.3"
::1 - - [26/Jul/2023:07:03:45 +0000] "POST /user/login HTTP/1.1" 200 444 "-" "PostmanRuntime/7.32.3"
::1 - - [26/Jul/2023:07:04:45 +0000] "POST /user/register HTTP/1.1" 200 437 "-" "PostmanRuntime/7.32.3"
::1 - - [26/Jul/2023:07:05:02 +0000] "POST /user/register HTTP/1.1" 200 432 "-" "PostmanRuntime/7.32.3"
::1 - - [26/Jul/2023:07:05:22 +0000] "POST /user/login HTTP/1.1" 200 432 "-" "PostmanRuntime/7.32.3"
::1 - - [26/Jul/2023:07:05:45 +0000] "POST /exhibit HTTP/1.1" 403 44 "-" "PostmanRuntime/7.32.3"
::1 - - [26/Jul/2023:07:06:35 +0000] "POST /user/login HTTP/1.1" 200 437 "-" "PostmanRuntime/7.32.3"
::1 - - [26/Jul/2023:07:06:42 +0000] "POST /exhibit HTTP/1.1" 403 44 "-" "PostmanRuntime/7.32.3"
::1 - - [26/Jul/2023:07:06:55 +0000] "POST /exhibit HTTP/1.1" 403 44 "-" "PostmanRuntime/7.32.3"
::1 - - [26/Jul/2023:07:07:38 +0000] "POST /user/login HTTP/1.1" 200 437 "-" "PostmanRuntime/7.32.3"
::1 - - [26/Jul/2023:07:08:05 +0000] "POST /user/login HTTP/1.1" 200 437 "-" "PostmanRuntime/7.32.3"
::1 - - [26/Jul/2023:07:08:09 +0000] "POST /exhibit HTTP/1.1" 403 44 "-" "PostmanRuntime/7.32.3"
::1 - - [26/Jul/2023:07:08:59 +0000] "POST /exhibit HTTP/1.1" 403 44 "-" "PostmanRuntime/7.32.3"
::1 - - [26/Jul/2023:07:10:10 +0000] "POST /exhibit HTTP/1.1" 200 253 "-" "PostmanRuntime/7.32.3"
::1 - - [26/Jul/2023:08:11:37 +0000] "POST /user/login HTTP/1.1" 200 437 "-" "PostmanRuntime/7.32.3"
::1 - - [26/Jul/2023:08:11:50 +0000] "PUT /exhibit/64bded8706c1dd25e961639e HTTP/1.1" 200 269 "-" "PostmanRuntime/7.32.3"
