::1 - - [27/Jul/2023:11:36:52 +0000] "GET /user HTTP/1.1" 200 298 "-" "PostmanRuntime/7.32.3"
::1 - - [27/Jul/2023:11:37:33 +0000] "GET /user/64c0c58d4ab3c0ce10a0b175 HTTP/1.1" 500 41 "-" "PostmanRuntime/7.32.3"
::1 - - [27/Jul/2023:11:37:46 +0000] "GET /user/64c0c58d4ab3c0ce10a0b175 HTTP/1.1" 500 41 "-" "PostmanRuntime/7.32.3"
::1 - - [27/Jul/2023:11:37:55 +0000] "GET /user/64c0c58d4ab3c0ce10a0b175 HTTP/1.1" 500 41 "-" "PostmanRuntime/7.32.3"
::1 - - [27/Jul/2023:11:38:06 +0000] "POST /user/login HTTP/1.1" 200 437 "-" "PostmanRuntime/7.32.3"
::1 - - [27/Jul/2023:11:38:11 +0000] "GET /user/64c0c58d4ab3c0ce10a0b175 HTTP/1.1" 500 41 "-" "PostmanRuntime/7.32.3"
::1 - - [27/Jul/2023:11:38:26 +0000] "GET /user/64c0c58d4ab3c0ce10a0b175 HTTP/1.1" 200 161 "-" "PostmanRuntime/7.32.3"
::1 - - [27/Jul/2023:11:39:43 +0000] "PUT /user/64c0c58d4ab3c0ce10a0b175 HTTP/1.1" 200 160 "-" "PostmanRuntime/7.32.3"
::1 - - [27/Jul/2023:11:39:48 +0000] "PUT /user/64c0c58d4ab3c0ce10a0b175 HTTP/1.1" 200 161 "-" "PostmanRuntime/7.32.3"
::1 - - [27/Jul/2023:11:43:45 +0000] "POST /user/login HTTP/1.1" 200 432 "-" "PostmanRuntime/7.32.3"
::1 - - [27/Jul/2023:11:43:58 +0000] "PUT /user/64c0c59e4ab3c0ce10a0b177 HTTP/1.1" 403 44 "-" "PostmanRuntime/7.32.3"
::1 - - [27/Jul/2023:11:44:09 +0000] "GET /user/64c0c58d4ab3c0ce10a0b175 HTTP/1.1" 200 161 "-" "PostmanRuntime/7.32.3"
::1 - - [28/Jul/2023:03:48:52 +0000] "GET /category HTTP/1.1" 200 258 "-" "PostmanRuntime/7.32.3"
::1 - - [28/Jul/2023:03:49:18 +0000] "POST /organisation HTTP/1.1" 403 44 "-" "PostmanRuntime/7.32.3"
::1 - - [28/Jul/2023:03:49:32 +0000] "POST /user/login HTTP/1.1" 200 432 "-" "PostmanRuntime/7.32.3"
::1 - - [28/Jul/2023:03:49:43 +0000] "POST /user/login HTTP/1.1" 401 44 "-" "PostmanRuntime/7.32.3"
::1 - - [28/Jul/2023:03:49:48 +0000] "GET /user HTTP/1.1" 200 298 "-" "PostmanRuntime/7.32.3"
::1 - - [28/Jul/2023:03:50:26 +0000] "POST /user/login HTTP/1.1" 401 44 "-" "PostmanRuntime/7.32.3"
::1 - - [28/Jul/2023:03:51:02 +0000] "POST /user/register HTTP/1.1" 200 433 "-" "PostmanRuntime/7.32.3"
::1 - - [28/Jul/2023:03:51:13 +0000] "POST /user/login HTTP/1.1" 200 433 "-" "PostmanRuntime/7.32.3"
::1 - - [28/Jul/2023:03:51:20 +0000] "POST /organisation HTTP/1.1" 200 211 "-" "PostmanRuntime/7.32.3"
::1 - - [28/Jul/2023:03:52:34 +0000] "POST /organisation HTTP/1.1" 200 199 "-" "PostmanRuntime/7.32.3"
::1 - - [28/Jul/2023:03:53:28 +0000] "GET /organisation/64c33b8174d3294ce142bc68 HTTP/1.1" 200 212 "-" "PostmanRuntime/7.32.3"
::1 - - [28/Jul/2023:03:54:54 +0000] "POST /organisation HTTP/1.1" 500 209 "-" "PostmanRuntime/7.32.3"
::1 - - [28/Jul/2023:03:55:09 +0000] "POST /organisation HTTP/1.1" 200 203 "-" "PostmanRuntime/7.32.3"
::1 - - [28/Jul/2023:03:56:48 +0000] "POST /organisation HTTP/1.1" 200 204 "-" "PostmanRuntime/7.32.3"
